2025-10-30 08:55:18,801 - INFO - Project root: D:\pbl6\ember
2025-10-30 08:55:18,801 - INFO - Data directory: D:\pbl6\data\ember2018
2025-10-30 08:55:18,801 - INFO - Model path: D:\pbl6\ember\ember_model_pycharm.txt
2025-10-30 08:55:18,801 - INFO - ============================================================
2025-10-30 08:55:18,801 - INFO - EMBER TRAINING CHO PYCHARM
2025-10-30 08:55:18,801 - INFO - ============================================================
2025-10-30 08:55:18,801 - INFO - Kiem tra yeu cau he thong...
2025-10-30 08:55:18,801 - INFO - Python 3.10.11
2025-10-30 08:55:18,819 - INFO - ðŸ’¾ RAM: 15.7 GB
2025-10-30 08:55:18,820 - INFO - Cai dat dependencies...
2025-10-30 08:55:18,820 - INFO - Cai dat lightgbm...
2025-10-30 08:55:19,238 - INFO - lightgbm da cai dat
2025-10-30 08:55:19,239 - INFO - Cai dat tqdm...
2025-10-30 08:55:19,683 - INFO - tqdm da cai dat
2025-10-30 08:55:19,683 - INFO - Cai dat numpy...
2025-10-30 08:55:20,149 - INFO - numpy da cai dat
2025-10-30 08:55:20,150 - INFO - Cai dat pandas...
2025-10-30 08:55:20,547 - INFO - pandas da cai dat
2025-10-30 08:55:20,547 - INFO - Cai dat scikit-learn...
2025-10-30 08:55:20,929 - INFO - scikit-learn da cai dat
2025-10-30 08:55:20,930 - INFO - Cai dat psutil...
2025-10-30 08:55:21,334 - INFO - psutil da cai dat
2025-10-30 08:55:21,334 - INFO - Cai dat LIEF...
2025-10-30 08:55:21,337 - INFO - Conda khong kha dung, thu pip...
2025-10-30 08:55:21,726 - INFO - LIEF da cai tu pip
2025-10-30 08:55:21,726 - INFO - Setup EMBER repository...
2025-10-30 08:55:21,726 - INFO - EMBER repository da co san
2025-10-30 08:55:21,726 - INFO - Kiem tra EMBER source code...
2025-10-30 08:55:21,726 - ERROR - Khong tim thay ember/__init__.py
2025-10-30 09:30:58,529 - INFO - Project root: D:\pbl6\ember
2025-10-30 09:30:58,529 - INFO - Data directory: D:\pbl6\data\ember2018
2025-10-30 09:30:58,530 - INFO - Model path: D:\pbl6\ember\ember_model_pycharm.txt
2025-10-30 09:30:58,530 - INFO - ============================================================
2025-10-30 09:30:58,530 - INFO - EMBER TRAINING CHO PYCHARM
2025-10-30 09:30:58,530 - INFO - ============================================================
2025-10-30 09:30:58,530 - INFO - Kiem tra yeu cau he thong...
2025-10-30 09:30:58,530 - INFO - Python 3.10.11
2025-10-30 09:30:58,556 - INFO - ðŸ’¾ RAM: 15.7 GB
2025-10-30 09:30:58,556 - INFO - Cai dat dependencies...
2025-10-30 09:30:58,556 - INFO - Cai dat lightgbm...
2025-10-30 09:30:59,142 - INFO - lightgbm da cai dat
2025-10-30 09:30:59,142 - INFO - Cai dat tqdm...
2025-10-30 09:30:59,575 - INFO - tqdm da cai dat
2025-10-30 09:30:59,576 - INFO - Cai dat numpy...
2025-10-30 09:30:59,985 - INFO - numpy da cai dat
2025-10-30 09:30:59,985 - INFO - Cai dat pandas...
2025-10-30 09:31:00,378 - INFO - pandas da cai dat
2025-10-30 09:31:00,378 - INFO - Cai dat scikit-learn...
2025-10-30 09:31:00,820 - INFO - scikit-learn da cai dat
2025-10-30 09:31:00,820 - INFO - Cai dat psutil...
2025-10-30 09:31:01,219 - INFO - psutil da cai dat
2025-10-30 09:31:01,219 - INFO - Cai dat LIEF...
2025-10-30 09:31:01,226 - INFO - Conda khong kha dung, thu pip...
2025-10-30 09:31:01,619 - INFO - LIEF da cai tu pip
2025-10-30 09:31:01,620 - INFO - Setup EMBER repository...
2025-10-30 09:31:01,620 - INFO - EMBER repository da co san
2025-10-30 09:31:01,620 - INFO - Kiem tra EMBER source code...
2025-10-30 09:31:01,620 - ERROR - Khong tim thay ember/__init__.py
2025-10-30 09:33:28,457 - INFO - Project root: D:\pbl6\ember
2025-10-30 09:33:28,457 - INFO - Data directory: D:\pbl6\ember\data\ember2018
2025-10-30 09:33:28,457 - INFO - Model path: D:\pbl6\ember\ember_model_pycharm.txt
2025-10-30 09:33:28,457 - INFO - ============================================================
2025-10-30 09:33:28,457 - INFO - EMBER TRAINING CHO PYCHARM
2025-10-30 09:33:28,457 - INFO - ============================================================
2025-10-30 09:33:28,458 - INFO - Kiem tra yeu cau he thong...
2025-10-30 09:33:28,458 - INFO - Python 3.10.11
2025-10-30 09:33:28,472 - INFO - ðŸ’¾ RAM: 15.7 GB
2025-10-30 09:33:28,472 - INFO - Cai dat dependencies...
2025-10-30 09:33:28,472 - INFO - Cai dat lightgbm...
2025-10-30 09:33:28,882 - INFO - lightgbm da cai dat
2025-10-30 09:33:28,882 - INFO - Cai dat tqdm...
2025-10-30 09:33:29,286 - INFO - tqdm da cai dat
2025-10-30 09:33:29,288 - INFO - Cai dat numpy...
2025-10-30 09:33:29,675 - INFO - numpy da cai dat
2025-10-30 09:33:29,675 - INFO - Cai dat pandas...
2025-10-30 09:33:30,076 - INFO - pandas da cai dat
2025-10-30 09:33:30,076 - INFO - Cai dat scikit-learn...
2025-10-30 09:33:30,477 - INFO - scikit-learn da cai dat
2025-10-30 09:33:30,477 - INFO - Cai dat psutil...
2025-10-30 09:33:30,878 - INFO - psutil da cai dat
2025-10-30 09:33:30,878 - INFO - Cai dat LIEF...
2025-10-30 09:33:30,881 - INFO - Conda khong kha dung, thu pip...
2025-10-30 09:33:31,337 - INFO - LIEF da cai tu pip
2025-10-30 09:33:31,338 - INFO - Setup EMBER repository...
2025-10-30 09:33:31,338 - INFO - EMBER repository da co san
2025-10-30 09:33:31,338 - INFO - Kiem tra EMBER source code...
2025-10-30 09:33:31,338 - INFO - EMBER source code da co san
2025-10-30 09:33:31,338 - INFO - Su dung EMBER truc tiep tu source code...
2025-10-30 09:33:31,338 - INFO - Setup dataset...
2025-10-30 09:33:31,339 - INFO - Dataset da co san
2025-10-30 09:33:31,339 - INFO - Dataset path: D:\pbl6\ember\data\ember2018
2025-10-30 09:33:31,339 - INFO - Tim thay 7 file .jsonl
2025-10-30 09:33:31,339 - INFO - Bat dau training EMBER...
2025-10-30 09:33:33,060 - INFO - EMBER da duoc import thanh cong
2025-10-30 09:33:33,061 - INFO - Kiem tra dataset...
2025-10-30 09:33:33,062 - INFO - Tim thay 6 feature files
2025-10-30 09:33:33,062 - INFO - Feature sample: {"sha256": "0abb4fda7d5b13801d63bee53e5e256be43e141faa077a6d149874242c3f02c2", "md5": "63956d6417f8f...
2025-10-30 09:33:33,062 - INFO - Tim thay X_train.dat/y_train.dat, bo qua tao vectorized features
2025-10-30 09:33:33,062 - INFO - Loading data...
2025-10-30 09:33:33,062 - INFO - Loading 6 feature files...
2025-10-30 09:33:33,062 - INFO - Loading train_features_0.jsonl...
2025-10-30 09:33:33,063 - INFO -   Processed 0 lines...
2025-10-30 09:33:34,911 - INFO -   Processed 10,000 lines...
2025-10-30 09:33:36,560 - INFO -   Processed 20,000 lines...
2025-10-30 09:33:38,717 - INFO -   Processed 30,000 lines...
2025-10-30 09:33:40,724 - INFO -   Processed 40,000 lines...
2025-10-30 09:33:42,347 - INFO - Loading train_features_1.jsonl...
2025-10-30 09:33:42,348 - INFO -   Processed 0 lines...
2025-10-30 09:33:44,152 - INFO -   Processed 10,000 lines...
2025-10-30 09:33:46,275 - INFO -   Processed 20,000 lines...
2025-10-30 09:33:47,400 - INFO -   Processed 30,000 lines...
2025-10-30 09:33:49,620 - INFO -   Processed 40,000 lines...
2025-10-30 09:33:50,643 - INFO -   Processed 50,000 lines...
2025-10-30 09:33:53,365 - INFO -   Processed 60,000 lines...
2025-10-30 09:33:54,730 - INFO -   Processed 70,000 lines...
2025-10-30 09:33:56,112 - INFO -   Processed 80,000 lines...
2025-10-30 09:34:02,588 - INFO -   Processed 90,000 lines...
2025-10-30 09:34:03,861 - INFO -   Processed 100,000 lines...
2025-10-30 09:34:13,625 - INFO -   Processed 110,000 lines...
2025-10-30 09:34:23,852 - INFO -   Processed 120,000 lines...
2025-10-30 09:34:26,148 - INFO -   Processed 130,000 lines...
2025-10-30 09:34:28,113 - INFO -   Processed 140,000 lines...
2025-10-30 09:34:52,662 - INFO -   Processed 150,000 lines...
2025-10-30 09:34:53,634 - INFO - Loading train_features_2.jsonl...
2025-10-30 09:34:53,635 - INFO -   Processed 0 lines...
2025-10-30 09:34:55,581 - INFO -   Processed 10,000 lines...
2025-10-30 09:34:58,233 - INFO -   Processed 20,000 lines...
2025-10-30 09:34:59,418 - INFO -   Processed 30,000 lines...
2025-10-30 09:35:00,619 - INFO -   Processed 40,000 lines...
2025-10-30 09:36:24,592 - INFO -   Processed 50,000 lines...
2025-10-30 09:36:26,315 - INFO -   Processed 60,000 lines...
2025-10-30 09:36:27,717 - INFO -   Processed 70,000 lines...
2025-10-30 09:36:29,230 - INFO -   Processed 80,000 lines...
2025-10-30 09:36:30,596 - INFO -   Processed 90,000 lines...
2025-10-30 09:36:31,967 - INFO -   Processed 100,000 lines...
2025-10-30 09:39:28,781 - INFO -   Processed 110,000 lines...
2025-10-30 09:39:30,825 - INFO -   Processed 120,000 lines...
2025-10-30 09:39:31,970 - INFO - Loading train_features_3.jsonl...
2025-10-30 09:39:31,984 - INFO -   Processed 0 lines...
2025-10-30 09:39:33,520 - INFO -   Processed 10,000 lines...
2025-10-30 09:39:35,413 - INFO -   Processed 20,000 lines...
2025-10-30 09:39:36,747 - INFO -   Processed 30,000 lines...
2025-10-30 09:39:38,013 - INFO -   Processed 40,000 lines...
2025-10-30 09:39:39,641 - INFO -   Processed 50,000 lines...
2025-10-30 09:44:28,194 - INFO -   Processed 60,000 lines...
2025-10-30 09:44:30,358 - INFO -   Processed 70,000 lines...
2025-10-30 09:44:32,002 - INFO -   Processed 80,000 lines...
2025-10-30 09:44:33,535 - INFO -   Processed 90,000 lines...
2025-10-30 09:44:34,952 - INFO -   Processed 100,000 lines...
2025-10-30 09:44:36,269 - INFO -   Processed 110,000 lines...
2025-10-30 09:44:38,662 - INFO -   Processed 120,000 lines...
2025-10-30 09:44:40,130 - INFO - Loading train_features_4.jsonl...
2025-10-30 09:44:40,136 - INFO -   Processed 0 lines...
2025-10-30 09:44:41,558 - INFO -   Processed 10,000 lines...
2025-10-30 09:44:44,285 - INFO -   Processed 20,000 lines...
2025-10-30 09:44:46,292 - INFO -   Processed 30,000 lines...
2025-10-30 09:52:33,763 - INFO -   Processed 40,000 lines...
2025-10-30 09:52:35,617 - INFO -   Processed 50,000 lines...
2025-10-30 09:52:38,503 - INFO -   Processed 60,000 lines...
2025-10-30 09:52:40,003 - INFO -   Processed 70,000 lines...
2025-10-30 09:52:41,991 - INFO -   Processed 80,000 lines...
2025-10-30 09:52:56,722 - INFO -   Processed 90,000 lines...
2025-10-30 09:52:59,889 - INFO -   Processed 100,000 lines...
2025-10-30 09:53:20,330 - INFO -   Processed 110,000 lines...
2025-10-30 09:54:07,878 - INFO -   Processed 120,000 lines...
2025-10-30 09:54:19,163 - INFO -   Processed 130,000 lines...
2025-10-30 09:54:19,777 - INFO - Loading train_features_5.jsonl...
2025-10-30 09:54:19,797 - INFO -   Processed 0 lines...
2025-10-30 09:54:23,824 - INFO -   Processed 10,000 lines...
2025-10-30 09:54:46,217 - INFO -   Processed 20,000 lines...
2025-10-30 10:06:11,370 - INFO -   Processed 30,000 lines...
2025-10-30 10:06:12,705 - INFO -   Processed 40,000 lines...
2025-10-30 10:06:14,424 - INFO -   Processed 50,000 lines...
2025-10-30 10:06:16,225 - INFO -   Processed 60,000 lines...
2025-10-30 10:06:18,368 - INFO -   Processed 70,000 lines...
2025-10-30 10:06:21,034 - INFO -   Processed 80,000 lines...
2025-10-30 10:06:23,561 - INFO -   Processed 90,000 lines...
2025-10-30 10:06:28,286 - INFO -   Processed 100,000 lines...
2025-10-30 10:06:29,823 - INFO -   Processed 110,000 lines...
2025-10-30 10:06:49,358 - INFO -   Processed 120,000 lines...
2025-10-30 10:07:24,976 - INFO -   Processed 130,000 lines...
2025-10-30 10:07:57,483 - INFO -   Processed 140,000 lines...
2025-10-30 10:09:15,345 - INFO -   Processed 150,000 lines...
2025-10-30 10:10:06,094 - INFO -   Processed 160,000 lines...
2025-10-30 10:10:49,006 - INFO -   Processed 170,000 lines...
2025-10-30 10:10:59,926 - INFO -   Processed 180,000 lines...
2025-11-01 06:49:34,826 - INFO - Project root: D:\pbl6\ember
2025-11-01 06:49:34,826 - INFO - Data directory: D:\pbl6\ember\data\ember2018
2025-11-01 06:49:34,827 - INFO - Model path: D:\pbl6\ember\ember_model_pycharm.txt
2025-11-01 06:49:34,827 - INFO - ============================================================
2025-11-01 06:49:34,827 - INFO - EMBER TRAINING CHO PYCHARM
2025-11-01 06:49:34,827 - INFO - ============================================================
2025-11-01 06:49:34,827 - INFO - Kiem tra yeu cau he thong...
2025-11-01 06:49:34,827 - INFO - Python 3.10.11
2025-11-01 06:49:34,853 - INFO - ðŸ’¾ RAM: 15.7 GB
2025-11-01 06:49:34,854 - INFO - Cai dat dependencies...
2025-11-01 06:49:34,854 - INFO - Cai dat lightgbm...
2025-11-01 06:49:35,300 - INFO - lightgbm da cai dat
2025-11-01 06:49:35,301 - INFO - Cai dat tqdm...
2025-11-01 06:49:35,690 - INFO - tqdm da cai dat
2025-11-01 06:49:35,690 - INFO - Cai dat numpy...
2025-11-01 06:49:36,134 - INFO - numpy da cai dat
2025-11-01 06:49:36,134 - INFO - Cai dat pandas...
2025-11-01 06:49:36,599 - INFO - pandas da cai dat
2025-11-01 06:49:36,599 - INFO - Cai dat scikit-learn...
2025-11-01 06:49:37,013 - INFO - scikit-learn da cai dat
2025-11-01 06:49:37,013 - INFO - Cai dat psutil...
2025-11-01 06:49:37,427 - INFO - psutil da cai dat
2025-11-01 06:49:37,427 - INFO - Cai dat LIEF...
2025-11-01 06:49:37,432 - INFO - Conda khong kha dung, thu pip...
2025-11-01 06:49:37,879 - INFO - LIEF da cai tu pip
2025-11-01 06:49:37,880 - INFO - Setup EMBER repository...
2025-11-01 06:49:37,880 - INFO - EMBER repository da co san
2025-11-01 06:49:37,880 - INFO - Kiem tra EMBER source code...
2025-11-01 06:49:37,880 - INFO - EMBER source code da co san
2025-11-01 06:49:37,880 - INFO - Su dung EMBER truc tiep tu source code...
2025-11-01 06:49:37,880 - INFO - Setup dataset...
2025-11-01 06:49:37,881 - INFO - Dataset da co san
2025-11-01 06:49:37,881 - INFO - Dataset path: D:\pbl6\ember\data\ember2018
2025-11-01 06:49:37,881 - INFO - Tim thay 7 file .jsonl
2025-11-01 06:49:37,881 - INFO - Bat dau training EMBER...
2025-11-01 06:49:39,674 - INFO - EMBER da duoc import thanh cong
2025-11-01 06:49:39,674 - INFO - Kiem tra dataset...
2025-11-01 06:49:39,674 - INFO - Tim thay 6 feature files
2025-11-01 06:49:39,675 - INFO - Feature sample: {"sha256": "0abb4fda7d5b13801d63bee53e5e256be43e141faa077a6d149874242c3f02c2", "md5": "63956d6417f8f...
2025-11-01 06:49:39,675 - INFO - Tim thay X_train.dat/y_train.dat, bo qua tao vectorized features
2025-11-01 06:49:39,675 - INFO - Loading vectorized features (memory-mapped)...
2025-11-01 06:49:39,676 - ERROR - Khong the load vectorized features: [Errno 2] No such file or directory: 'D:\\pbl6\\ember\\data\\ember2018\\y_test.dat'
2025-11-01 06:49:39,676 - ERROR - Hay dam bao da chay create_vectorized_features thanh cong hoac dataset dung dinh dang.
2025-11-01 06:50:44,140 - INFO - Project root: D:\pbl6\ember
2025-11-01 06:50:44,140 - INFO - Data directory: D:\pbl6\ember\data\ember2018
2025-11-01 06:50:44,140 - INFO - Model path: D:\pbl6\ember\ember_model_pycharm.txt
2025-11-01 06:50:44,140 - INFO - ============================================================
2025-11-01 06:50:44,141 - INFO - EMBER TRAINING CHO PYCHARM
2025-11-01 06:50:44,141 - INFO - ============================================================
2025-11-01 06:50:44,141 - INFO - Kiem tra yeu cau he thong...
2025-11-01 06:50:44,141 - INFO - Python 3.10.11
2025-11-01 06:50:44,167 - INFO - ðŸ’¾ RAM: 15.7 GB
2025-11-01 06:50:44,167 - INFO - Cai dat dependencies...
2025-11-01 06:50:44,168 - INFO - Cai dat lightgbm...
2025-11-01 06:50:44,562 - INFO - lightgbm da cai dat
2025-11-01 06:50:44,562 - INFO - Cai dat tqdm...
2025-11-01 06:50:44,974 - INFO - tqdm da cai dat
2025-11-01 06:50:44,974 - INFO - Cai dat numpy...
2025-11-01 06:50:45,350 - INFO - numpy da cai dat
2025-11-01 06:50:45,350 - INFO - Cai dat pandas...
2025-11-01 06:50:45,732 - INFO - pandas da cai dat
2025-11-01 06:50:45,732 - INFO - Cai dat scikit-learn...
2025-11-01 06:50:46,160 - INFO - scikit-learn da cai dat
2025-11-01 06:50:46,160 - INFO - Cai dat psutil...
2025-11-01 06:50:46,545 - INFO - psutil da cai dat
2025-11-01 06:50:46,545 - INFO - Cai dat LIEF...
2025-11-01 06:50:46,548 - INFO - Conda khong kha dung, thu pip...
2025-11-01 06:50:46,928 - INFO - LIEF da cai tu pip
2025-11-01 06:50:46,928 - INFO - Setup EMBER repository...
2025-11-01 06:50:46,928 - INFO - EMBER repository da co san
2025-11-01 06:50:46,928 - INFO - Kiem tra EMBER source code...
2025-11-01 06:50:46,929 - INFO - EMBER source code da co san
2025-11-01 06:50:46,929 - INFO - Su dung EMBER truc tiep tu source code...
2025-11-01 06:50:46,929 - INFO - Setup dataset...
2025-11-01 06:50:46,929 - INFO - Dataset da co san
2025-11-01 06:50:46,929 - INFO - Dataset path: D:\pbl6\ember\data\ember2018
2025-11-01 06:50:46,929 - INFO - Tim thay 7 file .jsonl
2025-11-01 06:50:46,929 - INFO - Bat dau training EMBER...
2025-11-01 06:50:47,692 - INFO - EMBER da duoc import thanh cong
2025-11-01 06:50:47,693 - INFO - Kiem tra dataset...
2025-11-01 06:50:47,693 - INFO - Tim thay 6 feature files
2025-11-01 06:50:47,693 - INFO - Feature sample: {"sha256": "0abb4fda7d5b13801d63bee53e5e256be43e141faa077a6d149874242c3f02c2", "md5": "63956d6417f8f...
2025-11-01 06:50:47,694 - INFO - Tim thay X_train.dat/y_train.dat, bo qua tao vectorized features
2025-11-01 06:50:47,694 - INFO - Loading vectorized features (memory-mapped)...
2025-11-01 06:50:47,695 - ERROR - Khong the load vectorized features: [Errno 2] No such file or directory: 'D:\\pbl6\\ember\\data\\ember2018\\y_test.dat'
2025-11-01 06:50:47,695 - ERROR - Hay dam bao da chay create_vectorized_features thanh cong hoac dataset dung dinh dang.
2025-11-01 06:55:44,389 - INFO - Project root: D:\pbl6\ember
2025-11-01 06:55:44,389 - INFO - Data directory: D:\pbl6\ember\data\ember2018
2025-11-01 06:55:44,389 - INFO - Model path: D:\pbl6\ember\ember_model_pycharm.txt
2025-11-01 06:55:44,389 - INFO - ============================================================
2025-11-01 06:55:44,389 - INFO - EMBER TRAINING CHO PYCHARM
2025-11-01 06:55:44,389 - INFO - ============================================================
2025-11-01 06:55:44,390 - INFO - Kiem tra yeu cau he thong...
2025-11-01 06:55:44,390 - INFO - Python 3.10.11
2025-11-01 06:55:44,419 - INFO - ðŸ’¾ RAM: 15.7 GB
2025-11-01 06:55:44,419 - INFO - Cai dat dependencies...
2025-11-01 06:55:44,420 - INFO - Cai dat lightgbm...
2025-11-01 06:55:44,819 - INFO - lightgbm da cai dat
2025-11-01 06:55:44,819 - INFO - Cai dat tqdm...
2025-11-01 06:55:45,239 - INFO - tqdm da cai dat
2025-11-01 06:55:45,239 - INFO - Cai dat numpy...
2025-11-01 06:55:45,630 - INFO - numpy da cai dat
2025-11-01 06:55:45,630 - INFO - Cai dat pandas...
2025-11-01 06:55:46,018 - INFO - pandas da cai dat
2025-11-01 06:55:46,018 - INFO - Cai dat scikit-learn...
2025-11-01 06:55:46,436 - INFO - scikit-learn da cai dat
2025-11-01 06:55:46,436 - INFO - Cai dat psutil...
2025-11-01 06:55:46,803 - INFO - psutil da cai dat
2025-11-01 06:55:46,804 - INFO - Cai dat LIEF...
2025-11-01 06:55:46,808 - INFO - Conda khong kha dung, thu pip...
2025-11-01 06:55:47,207 - INFO - LIEF da cai tu pip
2025-11-01 06:55:47,207 - INFO - Setup EMBER repository...
2025-11-01 06:55:47,207 - INFO - EMBER repository da co san
2025-11-01 06:55:47,207 - INFO - Kiem tra EMBER source code...
2025-11-01 06:55:47,207 - INFO - EMBER source code da co san
2025-11-01 06:55:47,207 - INFO - Su dung EMBER truc tiep tu source code...
2025-11-01 06:55:47,207 - INFO - Setup dataset...
2025-11-01 06:55:47,209 - INFO - Dataset da co san
2025-11-01 06:55:47,209 - INFO - Dataset path: D:\pbl6\ember\data\ember2018
2025-11-01 06:55:47,209 - INFO - Tim thay 7 file .jsonl
2025-11-01 06:55:47,209 - INFO - Bat dau training EMBER...
2025-11-01 06:55:48,539 - INFO - EMBER da duoc import thanh cong
2025-11-01 06:55:48,540 - INFO - Kiem tra dataset...
2025-11-01 06:55:48,540 - INFO - Tim thay 6 feature files
2025-11-01 06:55:48,541 - INFO - Feature sample: {"sha256": "0abb4fda7d5b13801d63bee53e5e256be43e141faa077a6d149874242c3f02c2", "md5": "63956d6417f8f...
2025-11-01 06:55:48,541 - INFO - Thieu vectorized features: X_test.dat, y_test.dat
2025-11-01 06:55:48,541 - INFO - Tao vectorized features moi (co the mat nhieu thoi gian)...
2025-11-01 06:56:10,033 - ERROR - Loi tao features: Samples can not be a single string. The input must be an iterable over iterables of strings.
2025-11-01 06:56:10,033 - ERROR - Khong the tao vectorized features. Kiem tra dataset co dung dinh dang EMBER2018 khong.
2025-11-01 07:00:21,918 - INFO - Project root: D:\pbl6\ember
2025-11-01 07:00:21,918 - INFO - Data directory: D:\pbl6\ember\data\ember2018
2025-11-01 07:00:21,918 - INFO - Model path: D:\pbl6\ember\ember_model_pycharm.txt
2025-11-01 07:00:21,918 - INFO - ============================================================
2025-11-01 07:00:21,918 - INFO - EMBER TRAINING CHO PYCHARM
2025-11-01 07:00:21,918 - INFO - ============================================================
2025-11-01 07:00:21,918 - INFO - Kiem tra yeu cau he thong...
2025-11-01 07:00:21,918 - INFO - Python 3.10.11
2025-11-01 07:00:21,941 - INFO - ðŸ’¾ RAM: 15.7 GB
2025-11-01 07:00:21,941 - INFO - Cai dat dependencies...
2025-11-01 07:00:21,941 - INFO - Cai dat lightgbm...
2025-11-01 07:00:22,467 - INFO - lightgbm da cai dat
2025-11-01 07:00:22,468 - INFO - Cai dat tqdm...
2025-11-01 07:00:22,859 - INFO - tqdm da cai dat
2025-11-01 07:00:22,859 - INFO - Cai dat numpy...
2025-11-01 07:00:23,260 - INFO - numpy da cai dat
2025-11-01 07:00:23,260 - INFO - Cai dat pandas...
2025-11-01 07:00:23,661 - INFO - pandas da cai dat
2025-11-01 07:00:23,662 - INFO - Cai dat scikit-learn...
2025-11-01 07:00:24,064 - INFO - scikit-learn da cai dat
2025-11-01 07:00:24,064 - INFO - Cai dat psutil...
2025-11-01 07:00:24,456 - INFO - psutil da cai dat
2025-11-01 07:00:24,456 - INFO - Cai dat LIEF...
2025-11-01 07:00:24,460 - INFO - Conda khong kha dung, thu pip...
2025-11-01 07:00:24,840 - INFO - LIEF da cai tu pip
2025-11-01 07:00:24,840 - INFO - Setup EMBER repository...
2025-11-01 07:00:24,840 - INFO - EMBER repository da co san
2025-11-01 07:00:24,840 - INFO - Kiem tra EMBER source code...
2025-11-01 07:00:24,840 - INFO - EMBER source code da co san
2025-11-01 07:00:24,840 - INFO - Su dung EMBER truc tiep tu source code...
2025-11-01 07:00:24,840 - INFO - Setup dataset...
2025-11-01 07:00:24,842 - INFO - Dataset da co san
2025-11-01 07:00:24,842 - INFO - Dataset path: D:\pbl6\ember\data\ember2018
2025-11-01 07:00:24,842 - INFO - Tim thay 7 file .jsonl
2025-11-01 07:00:24,842 - INFO - Bat dau training EMBER...
2025-11-01 07:00:25,633 - INFO - EMBER da duoc import thanh cong
2025-11-01 07:00:25,633 - INFO - Kiem tra dataset...
2025-11-01 07:00:25,634 - INFO - Tim thay 6 train feature files
2025-11-01 07:00:25,635 - INFO - Tim thay test_features.jsonl
2025-11-01 07:00:25,635 - INFO - Kiem tra format file features...
2025-11-01 07:00:25,635 - INFO - Fields trong sample: ['sha256', 'md5', 'appeared', 'label', 'avclass', 'histogram', 'byteentropy', 'strings', 'general', 'header']...
2025-11-01 07:00:25,635 - WARNING - Thieu mot so fields: ['ByteHistogram', 'ByteEntropyHistogram', 'GeneralFileInfo']
2025-11-01 07:00:25,636 - INFO - Thieu vectorized features: X_test.dat, y_test.dat
2025-11-01 07:00:25,636 - INFO - Tao vectorized features moi (co the mat 10-30 phut)...
2025-11-01 07:00:25,636 - INFO - Dang vectorize tu JSONL files sang numpy arrays...
2025-11-01 07:00:25,636 - INFO - Data directory: D:\pbl6\ember\data\ember2018
2025-11-01 07:00:46,363 - ERROR - âœ— Loi tao features: Samples can not be a single string. The input must be an iterable over iterables of strings.
2025-11-01 07:00:46,364 - ERROR - Chi tiet loi: ValueError: Samples can not be a single string. The input must be an iterable over iterables of strings.
2025-11-01 07:00:46,368 - ERROR - Traceback:
multiprocessing.pool.RemoteTraceback: 
"""
Traceback (most recent call last):
  File "C:\Users\TUF\AppData\Local\Programs\Python\Python310\lib\multiprocessing\pool.py", line 125, in worker
    result = (True, func(*args, **kwds))
  File "D:\pbl6\ember\ember\__init__.py", line 44, in vectorize_unpack
    return vectorize(*args)
  File "D:\pbl6\ember\ember\__init__.py", line 31, in vectorize
    feature_vector = extractor.process_raw_features(raw_features)
  File "D:\pbl6\ember\ember\features.py", line 552, in process_raw_features
    feature_vectors = [fe.process_raw_features(raw_obj[fe.name]) for fe in self.features]
  File "D:\pbl6\ember\ember\features.py", line 552, in <listcomp>
    feature_vectors = [fe.process_raw_features(raw_obj[fe.name]) for fe in self.features]
  File "D:\pbl6\ember\ember\features.py", line 192, in process_raw_features
    entry_name_hashed = FeatureHasher(50, input_type="string").transform([raw_obj['entry']]).toarray()[0]
  File "D:\pbl6\ember\venv\lib\site-packages\sklearn\utils\_set_output.py", line 316, in wrapped
    data_to_wrap = f(self, X, *args, **kwargs)
  File "D:\pbl6\ember\venv\lib\site-packages\sklearn\feature_extraction\_hash.py", line 177, in transform
    raise ValueError(
ValueError: Samples can not be a single string. The input must be an iterable over iterables of strings.
"""

The above exception was the direct cause of the following exception:

Traceback (most recent call last):
  File "D:\pbl6\ember\train\ember_pycharm.py", line 318, in train_ember
    ember.create_vectorized_features(data_dir_str, feature_version=2)
  File "D:\pbl6\ember\ember\__init__.py", line 75, in create_vectorized_features
    vectorize_subset(X_path, y_path, raw_feature_paths, extractor, nrows)
  File "D:\pbl6\ember\ember\__init__.py", line 60, in vectorize_subset
    for _ in tqdm.tqdm(pool.imap_unordered(vectorize_unpack, argument_iterator), total=nrows):
  File "D:\pbl6\ember\venv\lib\site-packages\tqdm\std.py", line 1181, in __iter__
    for obj in iterable:
  File "C:\Users\TUF\AppData\Local\Programs\Python\Python310\lib\multiprocessing\pool.py", line 873, in next
    raise value
ValueError: Samples can not be a single string. The input must be an iterable over iterables of strings.

2025-11-01 07:00:46,369 - ERROR - 
Kiem tra:
2025-11-01 07:00:46,369 - ERROR -   1. File train_features_0.jsonl den train_features_5.jsonl co ton tai khong?
2025-11-01 07:00:46,370 - ERROR -   2. File test_features.jsonl co ton tai khong?
2025-11-01 07:00:46,370 - ERROR -   3. Cac file JSONL co dung dinh dang EMBER2018 khong?
2025-11-01 07:00:46,370 - ERROR -   4. Co du RAM va disk space khong?
2025-11-01 07:03:18,499 - INFO - Project root: D:\pbl6\ember
2025-11-01 07:03:18,499 - INFO - Data directory: D:\pbl6\ember\data\ember2018
2025-11-01 07:03:18,499 - INFO - Model path: D:\pbl6\ember\ember_model_pycharm.txt
2025-11-01 07:03:18,499 - INFO - ============================================================
2025-11-01 07:03:18,499 - INFO - EMBER TRAINING CHO PYCHARM
2025-11-01 07:03:18,499 - INFO - ============================================================
2025-11-01 07:03:18,499 - INFO - Kiem tra yeu cau he thong...
2025-11-01 07:03:18,499 - INFO - Python 3.10.11
2025-11-01 07:03:18,520 - INFO - ðŸ’¾ RAM: 15.7 GB
2025-11-01 07:03:18,520 - INFO - Cai dat dependencies...
2025-11-01 07:03:18,520 - INFO - Cai dat lightgbm...
2025-11-01 07:03:19,037 - INFO - lightgbm da cai dat
2025-11-01 07:03:19,037 - INFO - Cai dat tqdm...
2025-11-01 07:03:19,425 - INFO - tqdm da cai dat
2025-11-01 07:03:19,425 - INFO - Cai dat numpy...
2025-11-01 07:03:19,817 - INFO - numpy da cai dat
2025-11-01 07:03:19,817 - INFO - Cai dat pandas...
2025-11-01 07:03:20,202 - INFO - pandas da cai dat
2025-11-01 07:03:20,202 - INFO - Cai dat scikit-learn...
2025-11-01 07:03:20,590 - INFO - scikit-learn da cai dat
2025-11-01 07:03:20,590 - INFO - Cai dat psutil...
2025-11-01 07:03:20,992 - INFO - psutil da cai dat
2025-11-01 07:03:20,992 - INFO - Cai dat LIEF...
2025-11-01 07:03:20,998 - INFO - Conda khong kha dung, thu pip...
2025-11-01 07:03:21,381 - INFO - LIEF da cai tu pip
2025-11-01 07:03:21,381 - INFO - Setup EMBER repository...
2025-11-01 07:03:21,381 - INFO - EMBER repository da co san
2025-11-01 07:03:21,381 - INFO - Kiem tra EMBER source code...
2025-11-01 07:03:21,381 - INFO - EMBER source code da co san
2025-11-01 07:03:21,381 - INFO - Su dung EMBER truc tiep tu source code...
2025-11-01 07:03:21,381 - INFO - Setup dataset...
2025-11-01 07:03:21,382 - INFO - Dataset da co san
2025-11-01 07:03:21,382 - INFO - Dataset path: D:\pbl6\ember\data\ember2018
2025-11-01 07:03:21,382 - INFO - Tim thay 7 file .jsonl
2025-11-01 07:03:21,382 - INFO - Bat dau training EMBER...
2025-11-01 07:03:22,139 - INFO - EMBER da duoc import thanh cong
2025-11-01 07:03:22,139 - INFO - Kiem tra dataset...
2025-11-01 07:03:22,139 - INFO - Tim thay 6 train feature files
2025-11-01 07:03:22,139 - INFO - Tim thay test_features.jsonl
2025-11-01 07:03:22,140 - INFO - Kiem tra format file features...
2025-11-01 07:03:22,140 - INFO - Fields trong sample: ['sha256', 'md5', 'appeared', 'label', 'avclass', 'histogram', 'byteentropy', 'strings', 'general', 'header', 'section', 'imports', 'exports', 'datadirectories']
2025-11-01 07:03:22,140 - INFO - Thieu vectorized features: X_test.dat, y_test.dat
2025-11-01 07:03:22,140 - INFO - Tao vectorized features moi (co the mat 10-30 phut)...
2025-11-01 07:03:22,140 - INFO - Dang vectorize tu JSONL files sang numpy arrays...
2025-11-01 07:03:22,140 - INFO - Data directory: D:\pbl6\ember\data\ember2018
2025-11-01 07:03:42,799 - ERROR - âœ— Loi tao features: Samples can not be a single string. The input must be an iterable over iterables of strings.
2025-11-01 07:03:42,802 - ERROR - Chi tiet loi: ValueError: Samples can not be a single string. The input must be an iterable over iterables of strings.
2025-11-01 07:03:42,813 - ERROR - Traceback:
multiprocessing.pool.RemoteTraceback: 
"""
Traceback (most recent call last):
  File "C:\Users\TUF\AppData\Local\Programs\Python\Python310\lib\multiprocessing\pool.py", line 125, in worker
    result = (True, func(*args, **kwds))
  File "D:\pbl6\ember\ember\__init__.py", line 44, in vectorize_unpack
    return vectorize(*args)
  File "D:\pbl6\ember\ember\__init__.py", line 31, in vectorize
    feature_vector = extractor.process_raw_features(raw_features)
  File "D:\pbl6\ember\ember\features.py", line 552, in process_raw_features
    feature_vectors = [fe.process_raw_features(raw_obj[fe.name]) for fe in self.features]
  File "D:\pbl6\ember\ember\features.py", line 552, in <listcomp>
    feature_vectors = [fe.process_raw_features(raw_obj[fe.name]) for fe in self.features]
  File "D:\pbl6\ember\ember\features.py", line 192, in process_raw_features
    entry_name_hashed = FeatureHasher(50, input_type="string").transform([raw_obj['entry']]).toarray()[0]
  File "D:\pbl6\ember\venv\lib\site-packages\sklearn\utils\_set_output.py", line 316, in wrapped
    data_to_wrap = f(self, X, *args, **kwargs)
  File "D:\pbl6\ember\venv\lib\site-packages\sklearn\feature_extraction\_hash.py", line 177, in transform
    raise ValueError(
ValueError: Samples can not be a single string. The input must be an iterable over iterables of strings.
"""

The above exception was the direct cause of the following exception:

Traceback (most recent call last):
  File "D:\pbl6\ember\train\ember_pycharm.py", line 332, in train_ember
    ember.create_vectorized_features(data_dir_str, feature_version=2)
  File "D:\pbl6\ember\ember\__init__.py", line 75, in create_vectorized_features
    vectorize_subset(X_path, y_path, raw_feature_paths, extractor, nrows)
  File "D:\pbl6\ember\ember\__init__.py", line 60, in vectorize_subset
    for _ in tqdm.tqdm(pool.imap_unordered(vectorize_unpack, argument_iterator), total=nrows):
  File "D:\pbl6\ember\venv\lib\site-packages\tqdm\std.py", line 1181, in __iter__
    for obj in iterable:
  File "C:\Users\TUF\AppData\Local\Programs\Python\Python310\lib\multiprocessing\pool.py", line 873, in next
    raise value
ValueError: Samples can not be a single string. The input must be an iterable over iterables of strings.

2025-11-01 07:03:42,816 - ERROR - 
Kiem tra:
2025-11-01 07:03:42,818 - ERROR -   1. File train_features_0.jsonl den train_features_5.jsonl co ton tai khong?
2025-11-01 07:03:42,818 - ERROR -   2. File test_features.jsonl co ton tai khong?
2025-11-01 07:03:42,818 - ERROR -   3. Cac file JSONL co dung dinh dang EMBER2018 khong?
2025-11-01 07:03:42,820 - ERROR -   4. Co du RAM va disk space khong?
2025-11-01 07:11:42,811 - INFO - Project root: D:\pbl6\ember
2025-11-01 07:11:42,811 - INFO - Data directory: D:\pbl6\ember\data\ember2018
2025-11-01 07:11:42,811 - INFO - Model path: D:\pbl6\ember\ember_model_pycharm.txt
2025-11-01 07:11:42,811 - INFO - ============================================================
2025-11-01 07:11:42,812 - INFO - EMBER TRAINING CHO PYCHARM
2025-11-01 07:11:42,812 - INFO - ============================================================
2025-11-01 07:11:42,812 - INFO - Kiem tra yeu cau he thong...
2025-11-01 07:11:42,812 - INFO - Python 3.10.11
2025-11-01 07:11:42,834 - INFO - ðŸ’¾ RAM: 15.7 GB
2025-11-01 07:11:42,834 - INFO - Cai dat dependencies...
2025-11-01 07:11:42,835 - INFO - Cai dat lightgbm...
2025-11-01 07:11:43,461 - INFO - lightgbm da cai dat
2025-11-01 07:11:43,462 - INFO - Cai dat tqdm...
2025-11-01 07:11:43,883 - INFO - tqdm da cai dat
2025-11-01 07:11:43,884 - INFO - Cai dat numpy...
2025-11-01 07:11:44,320 - INFO - numpy da cai dat
2025-11-01 07:11:44,320 - INFO - Cai dat pandas...
2025-11-01 07:11:44,774 - INFO - pandas da cai dat
2025-11-01 07:11:44,775 - INFO - Cai dat scikit-learn...
2025-11-01 07:11:45,187 - INFO - scikit-learn da cai dat
2025-11-01 07:11:45,187 - INFO - Cai dat psutil...
2025-11-01 07:11:45,636 - INFO - psutil da cai dat
2025-11-01 07:11:45,636 - INFO - Cai dat LIEF...
2025-11-01 07:11:45,640 - INFO - Conda khong kha dung, thu pip...
2025-11-01 07:11:46,079 - INFO - LIEF da cai tu pip
2025-11-01 07:11:46,079 - INFO - Setup EMBER repository...
2025-11-01 07:11:46,079 - INFO - EMBER repository da co san
2025-11-01 07:11:46,079 - INFO - Kiem tra EMBER source code...
2025-11-01 07:11:46,079 - INFO - EMBER source code da co san
2025-11-01 07:11:46,080 - INFO - Su dung EMBER truc tiep tu source code...
2025-11-01 07:11:46,080 - INFO - Setup dataset...
2025-11-01 07:11:46,080 - INFO - Dataset da co san
2025-11-01 07:11:46,080 - INFO - Dataset path: D:\pbl6\ember\data\ember2018
2025-11-01 07:11:46,080 - INFO - Tim thay 7 file .jsonl
2025-11-01 07:11:46,080 - INFO - Bat dau training EMBER...
2025-11-01 07:11:46,903 - INFO - EMBER da duoc import thanh cong
2025-11-01 07:11:46,903 - INFO - Kiem tra dataset...
2025-11-01 07:11:46,904 - INFO - Tim thay 6 train feature files
2025-11-01 07:11:46,904 - INFO - Tim thay test_features.jsonl
2025-11-01 07:11:46,904 - INFO - Kiem tra format file features...
2025-11-01 07:11:46,905 - INFO - Fields trong sample: ['sha256', 'md5', 'appeared', 'label', 'avclass', 'histogram', 'byteentropy', 'strings', 'general', 'header', 'section', 'imports', 'exports', 'datadirectories']
2025-11-01 07:11:46,905 - INFO - Thieu vectorized features: X_test.dat, y_test.dat
2025-11-01 07:11:46,905 - INFO - Tao vectorized features moi (co the mat 10-30 phut)...
2025-11-01 07:11:46,905 - INFO - Dang vectorize tu JSONL files sang numpy arrays...
2025-11-01 07:11:46,905 - INFO - Data directory: D:\pbl6\ember\data\ember2018
2025-11-01 07:12:09,431 - ERROR - âœ— Loi tao features: Samples can not be a single string. The input must be an iterable over iterables of strings.
2025-11-01 07:12:09,431 - ERROR - Chi tiet loi: ValueError: Samples can not be a single string. The input must be an iterable over iterables of strings.
2025-11-01 07:12:09,438 - ERROR - Traceback:
multiprocessing.pool.RemoteTraceback: 
"""
Traceback (most recent call last):
  File "C:\Users\TUF\AppData\Local\Programs\Python\Python310\lib\multiprocessing\pool.py", line 125, in worker
    result = (True, func(*args, **kwds))
  File "D:\pbl6\ember\ember\__init__.py", line 44, in vectorize_unpack
    return vectorize(*args)
  File "D:\pbl6\ember\ember\__init__.py", line 31, in vectorize
    feature_vector = extractor.process_raw_features(raw_features)
  File "D:\pbl6\ember\ember\features.py", line 552, in process_raw_features
    feature_vectors = [fe.process_raw_features(raw_obj[fe.name]) for fe in self.features]
  File "D:\pbl6\ember\ember\features.py", line 552, in <listcomp>
    feature_vectors = [fe.process_raw_features(raw_obj[fe.name]) for fe in self.features]
  File "D:\pbl6\ember\ember\features.py", line 192, in process_raw_features
    entry_name_hashed = FeatureHasher(50, input_type="string").transform([raw_obj['entry']]).toarray()[0]
  File "D:\pbl6\ember\venv\lib\site-packages\sklearn\utils\_set_output.py", line 316, in wrapped
    data_to_wrap = f(self, X, *args, **kwargs)
  File "D:\pbl6\ember\venv\lib\site-packages\sklearn\feature_extraction\_hash.py", line 177, in transform
    raise ValueError(
ValueError: Samples can not be a single string. The input must be an iterable over iterables of strings.
"""

The above exception was the direct cause of the following exception:

Traceback (most recent call last):
  File "D:\pbl6\ember\train\ember_pycharm.py", line 332, in train_ember
    ember.create_vectorized_features(data_dir_str, feature_version=2)
  File "D:\pbl6\ember\ember\__init__.py", line 75, in create_vectorized_features
    vectorize_subset(X_path, y_path, raw_feature_paths, extractor, nrows)
  File "D:\pbl6\ember\ember\__init__.py", line 60, in vectorize_subset
    for _ in tqdm.tqdm(pool.imap_unordered(vectorize_unpack, argument_iterator), total=nrows):
  File "D:\pbl6\ember\venv\lib\site-packages\tqdm\std.py", line 1181, in __iter__
    for obj in iterable:
  File "C:\Users\TUF\AppData\Local\Programs\Python\Python310\lib\multiprocessing\pool.py", line 873, in next
    raise value
ValueError: Samples can not be a single string. The input must be an iterable over iterables of strings.

2025-11-01 07:12:09,439 - ERROR - 
Kiem tra:
2025-11-01 07:12:09,440 - ERROR -   1. File train_features_0.jsonl den train_features_5.jsonl co ton tai khong?
2025-11-01 07:12:09,440 - ERROR -   2. File test_features.jsonl co ton tai khong?
2025-11-01 07:12:09,441 - ERROR -   3. Cac file JSONL co dung dinh dang EMBER2018 khong?
2025-11-01 07:12:09,441 - ERROR -   4. Co du RAM va disk space khong?
2025-11-01 07:13:32,395 - INFO - Project root: D:\pbl6\ember
2025-11-01 07:13:32,395 - INFO - Data directory: D:\pbl6\ember\data\ember2018
2025-11-01 07:13:32,396 - INFO - Model path: D:\pbl6\ember\ember_model_pycharm.txt
2025-11-01 07:13:32,396 - INFO - ============================================================
2025-11-01 07:13:32,396 - INFO - EMBER TRAINING CHO PYCHARM
2025-11-01 07:13:32,396 - INFO - ============================================================
2025-11-01 07:13:32,396 - INFO - Kiem tra yeu cau he thong...
2025-11-01 07:13:32,396 - INFO - Python 3.10.11
2025-11-01 07:13:32,443 - INFO - ðŸ’¾ RAM: 15.7 GB
2025-11-01 07:13:32,443 - INFO - Cai dat dependencies...
2025-11-01 07:13:32,443 - INFO - Cai dat lightgbm...
2025-11-01 07:13:33,033 - INFO - lightgbm da cai dat
2025-11-01 07:13:33,033 - INFO - Cai dat tqdm...
2025-11-01 07:13:33,463 - INFO - tqdm da cai dat
2025-11-01 07:13:33,463 - INFO - Cai dat numpy...
2025-11-01 07:13:33,868 - INFO - numpy da cai dat
2025-11-01 07:13:33,868 - INFO - Cai dat pandas...
2025-11-01 07:13:34,311 - INFO - pandas da cai dat
2025-11-01 07:13:34,311 - INFO - Cai dat scikit-learn...
2025-11-01 07:13:34,727 - INFO - scikit-learn da cai dat
2025-11-01 07:13:34,727 - INFO - Cai dat psutil...
2025-11-01 07:13:35,190 - INFO - psutil da cai dat
2025-11-01 07:13:35,190 - INFO - Cai dat LIEF...
2025-11-01 07:13:35,193 - INFO - Conda khong kha dung, thu pip...
2025-11-01 07:13:35,668 - INFO - LIEF da cai tu pip
2025-11-01 07:13:35,668 - INFO - Setup EMBER repository...
2025-11-01 07:13:35,668 - INFO - EMBER repository da co san
2025-11-01 07:13:35,668 - INFO - Kiem tra EMBER source code...
2025-11-01 07:13:35,668 - INFO - EMBER source code da co san
2025-11-01 07:13:35,668 - INFO - Su dung EMBER truc tiep tu source code...
2025-11-01 07:13:35,668 - INFO - Setup dataset...
2025-11-01 07:13:35,669 - INFO - Dataset da co san
2025-11-01 07:13:35,669 - INFO - Dataset path: D:\pbl6\ember\data\ember2018
2025-11-01 07:13:35,669 - INFO - Tim thay 7 file .jsonl
2025-11-01 07:13:35,669 - INFO - Bat dau training EMBER...
2025-11-01 07:13:37,152 - INFO - EMBER da duoc import thanh cong
2025-11-01 07:13:37,152 - INFO - Kiem tra dataset...
2025-11-01 07:13:37,152 - INFO - Tim thay 6 train feature files
2025-11-01 07:13:37,152 - INFO - Tim thay test_features.jsonl
2025-11-01 07:13:37,152 - INFO - Kiem tra format file features...
2025-11-01 07:13:37,153 - INFO - Fields trong sample: ['sha256', 'md5', 'appeared', 'label', 'avclass', 'histogram', 'byteentropy', 'strings', 'general', 'header', 'section', 'imports', 'exports', 'datadirectories']
2025-11-01 07:13:37,154 - INFO - Thieu vectorized features: X_test.dat, y_test.dat
2025-11-01 07:13:37,154 - INFO - Tao vectorized features moi (co the mat 10-30 phut)...
2025-11-01 07:13:37,154 - INFO - Dang vectorize tu JSONL files sang numpy arrays...
2025-11-01 07:13:37,154 - INFO - Data directory: D:\pbl6\ember\data\ember2018
2025-11-01 07:14:00,041 - ERROR - âœ— Loi tao features: Samples can not be a single string. The input must be an iterable over iterables of strings.
2025-11-01 07:14:00,046 - ERROR - Chi tiet loi: ValueError: Samples can not be a single string. The input must be an iterable over iterables of strings.
2025-11-01 07:14:00,053 - ERROR - Traceback:
multiprocessing.pool.RemoteTraceback: 
"""
Traceback (most recent call last):
  File "C:\Users\TUF\AppData\Local\Programs\Python\Python310\lib\multiprocessing\pool.py", line 125, in worker
    result = (True, func(*args, **kwds))
  File "D:\pbl6\ember\ember\__init__.py", line 44, in vectorize_unpack
    return vectorize(*args)
  File "D:\pbl6\ember\ember\__init__.py", line 31, in vectorize
    feature_vector = extractor.process_raw_features(raw_features)
  File "D:\pbl6\ember\ember\features.py", line 552, in process_raw_features
    feature_vectors = [fe.process_raw_features(raw_obj[fe.name]) for fe in self.features]
  File "D:\pbl6\ember\ember\features.py", line 552, in <listcomp>
    feature_vectors = [fe.process_raw_features(raw_obj[fe.name]) for fe in self.features]
  File "D:\pbl6\ember\ember\features.py", line 192, in process_raw_features
    entry_name_hashed = FeatureHasher(50, input_type="string").transform([raw_obj['entry']]).toarray()[0]
  File "D:\pbl6\ember\venv\lib\site-packages\sklearn\utils\_set_output.py", line 316, in wrapped
    data_to_wrap = f(self, X, *args, **kwargs)
  File "D:\pbl6\ember\venv\lib\site-packages\sklearn\feature_extraction\_hash.py", line 177, in transform
    raise ValueError(
ValueError: Samples can not be a single string. The input must be an iterable over iterables of strings.
"""

The above exception was the direct cause of the following exception:

Traceback (most recent call last):
  File "D:\pbl6\ember\train\ember_pycharm.py", line 332, in train_ember
    ember.create_vectorized_features(data_dir_str, feature_version=2)
  File "D:\pbl6\ember\ember\__init__.py", line 75, in create_vectorized_features
    vectorize_subset(X_path, y_path, raw_feature_paths, extractor, nrows)
  File "D:\pbl6\ember\ember\__init__.py", line 60, in vectorize_subset
    for _ in tqdm.tqdm(pool.imap_unordered(vectorize_unpack, argument_iterator), total=nrows):
  File "D:\pbl6\ember\venv\lib\site-packages\tqdm\std.py", line 1181, in __iter__
    for obj in iterable:
  File "C:\Users\TUF\AppData\Local\Programs\Python\Python310\lib\multiprocessing\pool.py", line 873, in next
    raise value
ValueError: Samples can not be a single string. The input must be an iterable over iterables of strings.

2025-11-01 07:14:00,058 - ERROR - 
Kiem tra:
2025-11-01 07:14:00,060 - ERROR -   1. File train_features_0.jsonl den train_features_5.jsonl co ton tai khong?
2025-11-01 07:14:00,064 - ERROR -   2. File test_features.jsonl co ton tai khong?
2025-11-01 07:14:00,068 - ERROR -   3. Cac file JSONL co dung dinh dang EMBER2018 khong?
2025-11-01 07:14:00,072 - ERROR -   4. Co du RAM va disk space khong?
2025-11-01 07:15:17,623 - INFO - Project root: D:\pbl6\ember
2025-11-01 07:15:17,623 - INFO - Data directory: D:\pbl6\ember\data\ember2018
2025-11-01 07:15:17,623 - INFO - Model path: D:\pbl6\ember\ember_model_pycharm.txt
2025-11-01 07:15:17,623 - INFO - ============================================================
2025-11-01 07:15:17,623 - INFO - EMBER TRAINING CHO PYCHARM
2025-11-01 07:15:17,623 - INFO - ============================================================
2025-11-01 07:15:17,623 - INFO - Kiem tra yeu cau he thong...
2025-11-01 07:15:17,623 - INFO - Python 3.10.11
2025-11-01 07:15:17,653 - INFO - ðŸ’¾ RAM: 15.7 GB
2025-11-01 07:15:17,653 - INFO - Cai dat dependencies...
2025-11-01 07:15:17,654 - INFO - Cai dat lightgbm...
2025-11-01 07:15:18,247 - INFO - lightgbm da cai dat
2025-11-01 07:15:18,247 - INFO - Cai dat tqdm...
2025-11-01 07:15:18,718 - INFO - tqdm da cai dat
2025-11-01 07:15:18,719 - INFO - Cai dat numpy...
2025-11-01 07:15:19,174 - INFO - numpy da cai dat
2025-11-01 07:15:19,175 - INFO - Cai dat pandas...
2025-11-01 07:15:19,710 - INFO - pandas da cai dat
2025-11-01 07:15:19,710 - INFO - Cai dat scikit-learn...
2025-11-01 07:15:20,156 - INFO - scikit-learn da cai dat
2025-11-01 07:15:20,157 - INFO - Cai dat psutil...
2025-11-01 07:15:20,590 - INFO - psutil da cai dat
2025-11-01 07:15:20,590 - INFO - Cai dat LIEF...
2025-11-01 07:15:20,593 - INFO - Conda khong kha dung, thu pip...
2025-11-01 07:15:21,030 - INFO - LIEF da cai tu pip
2025-11-01 07:15:21,030 - INFO - Setup EMBER repository...
2025-11-01 07:15:21,030 - INFO - EMBER repository da co san
2025-11-01 07:15:21,030 - INFO - Kiem tra EMBER source code...
2025-11-01 07:15:21,030 - INFO - EMBER source code da co san
2025-11-01 07:15:21,031 - INFO - Su dung EMBER truc tiep tu source code...
2025-11-01 07:15:21,031 - INFO - Setup dataset...
2025-11-01 07:15:21,031 - INFO - Dataset da co san
2025-11-01 07:15:21,031 - INFO - Dataset path: D:\pbl6\ember\data\ember2018
2025-11-01 07:15:21,031 - INFO - Tim thay 7 file .jsonl
2025-11-01 07:15:21,031 - INFO - Bat dau training EMBER...
2025-11-01 07:15:21,885 - INFO - EMBER da duoc import thanh cong
2025-11-01 07:15:21,886 - INFO - Kiem tra dataset...
2025-11-01 07:15:21,887 - INFO - Tim thay 6 train feature files
2025-11-01 07:15:21,887 - INFO - Tim thay test_features.jsonl
2025-11-01 07:15:21,887 - INFO - Kiem tra format file features...
2025-11-01 07:15:21,887 - INFO - Fields trong sample: ['sha256', 'md5', 'appeared', 'label', 'avclass', 'histogram', 'byteentropy', 'strings', 'general', 'header', 'section', 'imports', 'exports', 'datadirectories']
2025-11-01 07:15:21,888 - INFO - Thieu vectorized features: X_test.dat, y_test.dat
2025-11-01 07:15:21,888 - INFO - Tao vectorized features moi (co the mat 10-30 phut)...
2025-11-01 07:15:21,888 - INFO - Dang vectorize tu JSONL files sang numpy arrays...
2025-11-01 07:15:21,888 - INFO - Data directory: D:\pbl6\ember\data\ember2018
2025-11-01 07:20:34,246 - INFO - âœ“ Vectorized features hoan thanh trong 5.2 phut (312.36 giay)
2025-11-01 07:20:34,246 - INFO - Loading vectorized features (memory-mapped)...
2025-11-01 07:20:34,248 - INFO - Train: 800,000 samples
2025-11-01 07:20:34,248 - INFO - Test: 200,000 samples
2025-11-01 07:20:34,248 - INFO - Training model...
2025-11-01 07:20:34,248 - INFO - Thoi gian du kien: 30-60 phut
2025-11-01 07:25:16,935 - INFO - Model da duoc luu: D:\pbl6\ember\ember_model_pycharm.txt
2025-11-01 07:25:17,451 - INFO - Danh gia model...
2025-11-01 07:25:18,982 - INFO - ==================================================
2025-11-01 07:25:18,983 - INFO - KET QUA DANH GIA:
2025-11-01 07:25:18,983 - INFO - ==================================================
2025-11-01 07:25:18,983 - INFO - Accuracy:  0.9396
2025-11-01 07:25:18,983 - INFO - Precision: 0.9794
2025-11-01 07:25:18,983 - INFO - Recall:    0.8981
2025-11-01 07:25:18,983 - INFO - F1-Score:  0.9370
2025-11-01 07:25:18,984 - INFO - AUC:       0.9880
2025-11-01 07:25:18,984 - INFO - ==================================================
2025-11-01 07:25:19,397 - INFO - Confusion Matrix:
2025-11-01 07:25:19,398 - INFO -    TN: 98,115  FP: 1,885
2025-11-01 07:25:19,398 - INFO -    FN: 10,187  TP: 89,813
2025-11-01 07:25:19,398 - INFO - Test voi file mau...
2025-11-01 07:25:19,423 - ERROR - Loi test: ['D', ':', '\\', 'p', 'b', 'l', '6', '\\', 'e', 'm', 'b', 'e', 'r', '\\', 't', 'e', 's', 't', '_', 's', 'a', 'm', 'p', 'l', 'e', '.', 'e', 'x', 'e']
2025-11-01 07:25:19,423 - INFO - ============================================================
2025-11-01 07:25:19,423 - INFO - TRAINING HOAN TAT!
2025-11-01 07:25:19,423 - INFO - ============================================================
2025-11-01 07:25:19,424 - INFO - Model: D:\pbl6\ember\ember_model_pycharm.txt
2025-11-01 07:25:19,424 - INFO - Su dung model:
2025-11-01 07:25:19,424 - INFO -    import lightgbm as lgb
2025-11-01 07:25:19,424 - INFO -    model = lgb.Booster(model_file='D:\pbl6\ember\ember_model_pycharm.txt')
